<?xml version="1.0" encoding="UTF-8"?>
<testsuite xmlns:xsi="http://www.w3.org/2001/XMLSchema-instance" xsi:noNamespaceSchemaLocation="https://maven.apache.org/surefire/maven-surefire-plugin/xsd/surefire-test-report.xsd" name="com.mycompany.introducaojunit5.MathUtiilTest" time="0.202" tests="10" errors="0" skipped="0" failures="0">
  <properties>
[...]
</properties>
  <testcase name="testMdcAPositivoP3" classname="com.mycompany.introducaojunit5.MathUtiilTest" time="0.081"/>
  <testcase name="testMdcP5" classname="com.mycompany.introducaojunit5.MathUtiilTest" time="0.052"/>
  <testcase name="testMdcP6" classname="com.mycompany.introducaojunit5.MathUtiilTest" time="0.001"/>
  <testcase name="testMdcAParP1" classname="com.mycompany.introducaojunit5.MathUtiilTest" time="0.003"/>
  <testcase name="testMdcMParP4" classname="com.mycompany.introducaojunit5.MathUtiilTest" time="0.001"/>
  <testcase name="testMdcP7TudoNegativo" classname="com.mycompany.introducaojunit5.MathUtiilTest" time="0.002"/>
  <testcase name="testMdcParesP2" classname="com.mycompany.introducaojunit5.MathUtiilTest" time="0.005"/>
  <testcase name="testMdcAImparP1" classname="com.mycompany.introducaojunit5.MathUtiilTest" time="0"/>
  <testcase name="testMdcP5Resultado1" classname="com.mycompany.introducaojunit5.MathUtiilTest" time="0.006"/>
  <testcase name="testMdcANegativoP3" classname="com.mycompany.introducaojunit5.MathUtiilTest" time="0"/>
</testsuite>